[2020-12-21 22:05:50,021] INFO [Controller id=0 epoch=5] Changed partition 27-0 state from NonExistentPartition to NewPartition with assigned replicas 0 (state.change.logger)
[2020-12-21 22:05:50,021] INFO [Controller id=0 epoch=5] Sending UpdateMetadata request to brokers HashSet() for 0 partitions (state.change.logger)
[2020-12-21 22:05:50,021] INFO [Controller id=0 epoch=5] Sending UpdateMetadata request to brokers HashSet() for 0 partitions (state.change.logger)
[2020-12-21 22:05:50,026] INFO [Controller id=0 epoch=5] Changed partition 27-0 from NewPartition to OnlinePartition with state LeaderAndIsr(leader=0, leaderEpoch=0, isr=List(0), zkVersion=0) (state.change.logger)
[2020-12-21 22:05:50,026] INFO [Controller id=0 epoch=5] Sending LeaderAndIsr request to broker 0 with 1 become-leader and 0 become-follower partitions (state.change.logger)
[2020-12-21 22:05:50,026] INFO [Controller id=0 epoch=5] Sending UpdateMetadata request to brokers HashSet(0) for 1 partitions (state.change.logger)
[2020-12-21 22:05:50,026] INFO [Controller id=0 epoch=5] Sending UpdateMetadata request to brokers HashSet() for 0 partitions (state.change.logger)
[2020-12-21 22:05:50,033] INFO [Broker id=0] Handling LeaderAndIsr request correlationId 37 from controller 0 for 1 partitions (state.change.logger)
[2020-12-21 22:05:50,034] INFO [Broker id=0] Stopped fetchers as part of LeaderAndIsr request correlationId 37 from controller 0 epoch 5 as part of the become-leader transition for 1 partitions (state.change.logger)
[2020-12-21 22:05:50,037] INFO [Broker id=0] Leader 27-0 starts at leader epoch 0 from offset 0 with high watermark 0 ISR [0] addingReplicas [] removingReplicas []. Previous leader epoch was -1. (state.change.logger)
[2020-12-21 22:05:50,040] INFO [Broker id=0] Add 1 partitions and deleted 0 partitions from metadata cache in response to UpdateMetadata request sent by controller 0 epoch 5 with correlation id 38 (state.change.logger)
[2020-12-21 22:05:51,993] INFO [Controller id=0 epoch=5] Changed partition 28-0 state from NonExistentPartition to NewPartition with assigned replicas 0 (state.change.logger)
[2020-12-21 22:05:51,993] INFO [Controller id=0 epoch=5] Sending UpdateMetadata request to brokers HashSet() for 0 partitions (state.change.logger)
[2020-12-21 22:05:51,993] INFO [Controller id=0 epoch=5] Sending UpdateMetadata request to brokers HashSet() for 0 partitions (state.change.logger)
[2020-12-21 22:05:51,999] INFO [Controller id=0 epoch=5] Changed partition 28-0 from NewPartition to OnlinePartition with state LeaderAndIsr(leader=0, leaderEpoch=0, isr=List(0), zkVersion=0) (state.change.logger)
[2020-12-21 22:05:51,999] INFO [Controller id=0 epoch=5] Sending LeaderAndIsr request to broker 0 with 1 become-leader and 0 become-follower partitions (state.change.logger)
[2020-12-21 22:05:51,999] INFO [Controller id=0 epoch=5] Sending UpdateMetadata request to brokers HashSet(0) for 1 partitions (state.change.logger)
[2020-12-21 22:05:51,999] INFO [Controller id=0 epoch=5] Sending UpdateMetadata request to brokers HashSet() for 0 partitions (state.change.logger)
[2020-12-21 22:05:51,999] INFO [Broker id=0] Handling LeaderAndIsr request correlationId 39 from controller 0 for 1 partitions (state.change.logger)
[2020-12-21 22:05:52,000] INFO [Broker id=0] Stopped fetchers as part of LeaderAndIsr request correlationId 39 from controller 0 epoch 5 as part of the become-leader transition for 1 partitions (state.change.logger)
[2020-12-21 22:05:52,002] INFO [Broker id=0] Leader 28-0 starts at leader epoch 0 from offset 0 with high watermark 0 ISR [0] addingReplicas [] removingReplicas []. Previous leader epoch was -1. (state.change.logger)
[2020-12-21 22:05:52,006] INFO [Broker id=0] Add 1 partitions and deleted 0 partitions from metadata cache in response to UpdateMetadata request sent by controller 0 epoch 5 with correlation id 40 (state.change.logger)
[2020-12-21 22:06:02,327] INFO [Controller id=0 epoch=5] Changed partition 29-0 state from NonExistentPartition to NewPartition with assigned replicas 0 (state.change.logger)
[2020-12-21 22:06:02,327] INFO [Controller id=0 epoch=5] Sending UpdateMetadata request to brokers HashSet() for 0 partitions (state.change.logger)
[2020-12-21 22:06:02,328] INFO [Controller id=0 epoch=5] Sending UpdateMetadata request to brokers HashSet() for 0 partitions (state.change.logger)
[2020-12-21 22:06:02,333] INFO [Controller id=0 epoch=5] Changed partition 29-0 from NewPartition to OnlinePartition with state LeaderAndIsr(leader=0, leaderEpoch=0, isr=List(0), zkVersion=0) (state.change.logger)
[2020-12-21 22:06:02,333] INFO [Controller id=0 epoch=5] Sending LeaderAndIsr request to broker 0 with 1 become-leader and 0 become-follower partitions (state.change.logger)
[2020-12-21 22:06:02,333] INFO [Controller id=0 epoch=5] Sending UpdateMetadata request to brokers HashSet(0) for 1 partitions (state.change.logger)
[2020-12-21 22:06:02,333] INFO [Controller id=0 epoch=5] Sending UpdateMetadata request to brokers HashSet() for 0 partitions (state.change.logger)
[2020-12-21 22:06:02,333] INFO [Broker id=0] Handling LeaderAndIsr request correlationId 41 from controller 0 for 1 partitions (state.change.logger)
[2020-12-21 22:06:02,334] INFO [Broker id=0] Stopped fetchers as part of LeaderAndIsr request correlationId 41 from controller 0 epoch 5 as part of the become-leader transition for 1 partitions (state.change.logger)
[2020-12-21 22:06:02,337] INFO [Broker id=0] Leader 29-0 starts at leader epoch 0 from offset 0 with high watermark 0 ISR [0] addingReplicas [] removingReplicas []. Previous leader epoch was -1. (state.change.logger)
[2020-12-21 22:06:02,340] INFO [Broker id=0] Add 1 partitions and deleted 0 partitions from metadata cache in response to UpdateMetadata request sent by controller 0 epoch 5 with correlation id 42 (state.change.logger)
[2020-12-21 22:06:38,320] INFO [Controller id=0 epoch=5] Changed partition 30-0 state from NonExistentPartition to NewPartition with assigned replicas 0 (state.change.logger)
[2020-12-21 22:06:38,320] INFO [Controller id=0 epoch=5] Sending UpdateMetadata request to brokers HashSet() for 0 partitions (state.change.logger)
[2020-12-21 22:06:38,320] INFO [Controller id=0 epoch=5] Sending UpdateMetadata request to brokers HashSet() for 0 partitions (state.change.logger)
[2020-12-21 22:06:38,327] INFO [Controller id=0 epoch=5] Changed partition 30-0 from NewPartition to OnlinePartition with state LeaderAndIsr(leader=0, leaderEpoch=0, isr=List(0), zkVersion=0) (state.change.logger)
[2020-12-21 22:06:38,327] INFO [Controller id=0 epoch=5] Sending LeaderAndIsr request to broker 0 with 1 become-leader and 0 become-follower partitions (state.change.logger)
[2020-12-21 22:06:38,328] INFO [Controller id=0 epoch=5] Sending UpdateMetadata request to brokers HashSet(0) for 1 partitions (state.change.logger)
[2020-12-21 22:06:38,328] INFO [Controller id=0 epoch=5] Sending UpdateMetadata request to brokers HashSet() for 0 partitions (state.change.logger)
[2020-12-21 22:06:38,328] INFO [Broker id=0] Handling LeaderAndIsr request correlationId 43 from controller 0 for 1 partitions (state.change.logger)
[2020-12-21 22:06:38,329] INFO [Broker id=0] Stopped fetchers as part of LeaderAndIsr request correlationId 43 from controller 0 epoch 5 as part of the become-leader transition for 1 partitions (state.change.logger)
[2020-12-21 22:06:38,331] INFO [Broker id=0] Leader 30-0 starts at leader epoch 0 from offset 0 with high watermark 0 ISR [0] addingReplicas [] removingReplicas []. Previous leader epoch was -1. (state.change.logger)
[2020-12-21 22:06:38,334] INFO [Broker id=0] Add 1 partitions and deleted 0 partitions from metadata cache in response to UpdateMetadata request sent by controller 0 epoch 5 with correlation id 44 (state.change.logger)
[2020-12-21 22:07:25,516] INFO [Controller id=0 epoch=5] Changed partition 31-0 state from NonExistentPartition to NewPartition with assigned replicas 0 (state.change.logger)
[2020-12-21 22:07:25,516] INFO [Controller id=0 epoch=5] Sending UpdateMetadata request to brokers HashSet() for 0 partitions (state.change.logger)
[2020-12-21 22:07:25,516] INFO [Controller id=0 epoch=5] Sending UpdateMetadata request to brokers HashSet() for 0 partitions (state.change.logger)
[2020-12-21 22:07:25,521] INFO [Controller id=0 epoch=5] Changed partition 31-0 from NewPartition to OnlinePartition with state LeaderAndIsr(leader=0, leaderEpoch=0, isr=List(0), zkVersion=0) (state.change.logger)
[2020-12-21 22:07:25,521] INFO [Controller id=0 epoch=5] Sending LeaderAndIsr request to broker 0 with 1 become-leader and 0 become-follower partitions (state.change.logger)
[2020-12-21 22:07:25,521] INFO [Controller id=0 epoch=5] Sending UpdateMetadata request to brokers HashSet(0) for 1 partitions (state.change.logger)
[2020-12-21 22:07:25,521] INFO [Controller id=0 epoch=5] Sending UpdateMetadata request to brokers HashSet() for 0 partitions (state.change.logger)
[2020-12-21 22:07:25,522] INFO [Broker id=0] Handling LeaderAndIsr request correlationId 45 from controller 0 for 1 partitions (state.change.logger)
[2020-12-21 22:07:25,522] INFO [Broker id=0] Stopped fetchers as part of LeaderAndIsr request correlationId 45 from controller 0 epoch 5 as part of the become-leader transition for 1 partitions (state.change.logger)
[2020-12-21 22:07:25,525] INFO [Broker id=0] Leader 31-0 starts at leader epoch 0 from offset 0 with high watermark 0 ISR [0] addingReplicas [] removingReplicas []. Previous leader epoch was -1. (state.change.logger)
[2020-12-21 22:07:25,528] INFO [Broker id=0] Add 1 partitions and deleted 0 partitions from metadata cache in response to UpdateMetadata request sent by controller 0 epoch 5 with correlation id 46 (state.change.logger)
[2020-12-21 22:09:39,650] INFO [Controller id=0 epoch=5] Changed partition 32-0 state from NonExistentPartition to NewPartition with assigned replicas 0 (state.change.logger)
[2020-12-21 22:09:39,650] INFO [Controller id=0 epoch=5] Sending UpdateMetadata request to brokers HashSet() for 0 partitions (state.change.logger)
[2020-12-21 22:09:39,650] INFO [Controller id=0 epoch=5] Sending UpdateMetadata request to brokers HashSet() for 0 partitions (state.change.logger)
[2020-12-21 22:09:39,656] INFO [Controller id=0 epoch=5] Changed partition 32-0 from NewPartition to OnlinePartition with state LeaderAndIsr(leader=0, leaderEpoch=0, isr=List(0), zkVersion=0) (state.change.logger)
[2020-12-21 22:09:39,656] INFO [Controller id=0 epoch=5] Sending LeaderAndIsr request to broker 0 with 1 become-leader and 0 become-follower partitions (state.change.logger)
[2020-12-21 22:09:39,656] INFO [Controller id=0 epoch=5] Sending UpdateMetadata request to brokers HashSet(0) for 1 partitions (state.change.logger)
[2020-12-21 22:09:39,656] INFO [Controller id=0 epoch=5] Sending UpdateMetadata request to brokers HashSet() for 0 partitions (state.change.logger)
[2020-12-21 22:09:39,656] INFO [Broker id=0] Handling LeaderAndIsr request correlationId 47 from controller 0 for 1 partitions (state.change.logger)
[2020-12-21 22:09:39,657] INFO [Broker id=0] Stopped fetchers as part of LeaderAndIsr request correlationId 47 from controller 0 epoch 5 as part of the become-leader transition for 1 partitions (state.change.logger)
[2020-12-21 22:09:39,659] INFO [Broker id=0] Leader 32-0 starts at leader epoch 0 from offset 0 with high watermark 0 ISR [0] addingReplicas [] removingReplicas []. Previous leader epoch was -1. (state.change.logger)
[2020-12-21 22:09:39,663] INFO [Broker id=0] Add 1 partitions and deleted 0 partitions from metadata cache in response to UpdateMetadata request sent by controller 0 epoch 5 with correlation id 48 (state.change.logger)
[2020-12-21 22:14:08,324] INFO [Controller id=0 epoch=5] Changed partition 33-0 state from NonExistentPartition to NewPartition with assigned replicas 0 (state.change.logger)
[2020-12-21 22:14:08,324] INFO [Controller id=0 epoch=5] Sending UpdateMetadata request to brokers HashSet() for 0 partitions (state.change.logger)
[2020-12-21 22:14:08,325] INFO [Controller id=0 epoch=5] Sending UpdateMetadata request to brokers HashSet() for 0 partitions (state.change.logger)
[2020-12-21 22:14:08,330] INFO [Controller id=0 epoch=5] Changed partition 33-0 from NewPartition to OnlinePartition with state LeaderAndIsr(leader=0, leaderEpoch=0, isr=List(0), zkVersion=0) (state.change.logger)
[2020-12-21 22:14:08,330] INFO [Controller id=0 epoch=5] Sending LeaderAndIsr request to broker 0 with 1 become-leader and 0 become-follower partitions (state.change.logger)
[2020-12-21 22:14:08,330] INFO [Controller id=0 epoch=5] Sending UpdateMetadata request to brokers HashSet(0) for 1 partitions (state.change.logger)
[2020-12-21 22:14:08,330] INFO [Controller id=0 epoch=5] Sending UpdateMetadata request to brokers HashSet() for 0 partitions (state.change.logger)
[2020-12-21 22:14:08,330] INFO [Broker id=0] Handling LeaderAndIsr request correlationId 49 from controller 0 for 1 partitions (state.change.logger)
[2020-12-21 22:14:08,331] INFO [Broker id=0] Stopped fetchers as part of LeaderAndIsr request correlationId 49 from controller 0 epoch 5 as part of the become-leader transition for 1 partitions (state.change.logger)
[2020-12-21 22:14:08,334] INFO [Broker id=0] Leader 33-0 starts at leader epoch 0 from offset 0 with high watermark 0 ISR [0] addingReplicas [] removingReplicas []. Previous leader epoch was -1. (state.change.logger)
[2020-12-21 22:14:08,338] INFO [Broker id=0] Add 1 partitions and deleted 0 partitions from metadata cache in response to UpdateMetadata request sent by controller 0 epoch 5 with correlation id 50 (state.change.logger)
